<?xml version="1.0" encoding="UTF-8" ?>
<testsuite failures="0" time="0.053" errors="2" skipped="0" tests="3" name="com.yc.mybatis.util.StudentMapperTest">
  <properties>
[...]
</properties>
  <testcase time="0.001" classname="com.yc.mybatis.util.StudentMapperTest" name="testGetConn"/>
  <testcase time="0.001" classname="com.yc.mybatis.util.StudentMapperTest" name="testGetStudentById">
    <error message="
### Error querying database.  Cause: org.apache.ibatis.executor.ExecutorException: A query was run and no Result Maps were found for the Mapped Statement &apos;com.yc.mybatis.mapper.StudentMapper.getStudentById&apos;.  It&apos;s likely that neither a Result Type nor a Result Map was specified.
### The error may exist in mapper/StudentMapper.xml
### The error may involve com.yc.mybatis.mapper.StudentMapper.getStudentById
### The error occurred while handling results
### SQL: select * from student where id = ?
### Cause: org.apache.ibatis.executor.ExecutorException: A query was run and no Result Maps were found for the Mapped Statement &apos;com.yc.mybatis.mapper.StudentMapper.getStudentById&apos;.  It&apos;s likely that neither a Result Type nor a Result Map was specified." type="org.apache.ibatis.exceptions.PersistenceException">org.apache.ibatis.exceptions.PersistenceException: 
### Error querying database.  Cause: org.apache.ibatis.executor.ExecutorException: A query was run and no Result Maps were found for the Mapped Statement &apos;com.yc.mybatis.mapper.StudentMapper.getStudentById&apos;.  It&apos;s likely that neither a Result Type nor a Result Map was specified.
### The error may exist in mapper/StudentMapper.xml
### The error may involve com.yc.mybatis.mapper.StudentMapper.getStudentById
### The error occurred while handling results
### SQL: select * from student where id = ?
### Cause: org.apache.ibatis.executor.ExecutorException: A query was run and no Result Maps were found for the Mapped Statement &apos;com.yc.mybatis.mapper.StudentMapper.getStudentById&apos;.  It&apos;s likely that neither a Result Type nor a Result Map was specified.
	at org.apache.ibatis.exceptions.ExceptionFactory.wrapException(ExceptionFactory.java:30)
	at org.apache.ibatis.session.defaults.DefaultSqlSession.selectList(DefaultSqlSession.java:150)
	at org.apache.ibatis.session.defaults.DefaultSqlSession.selectList(DefaultSqlSession.java:141)
	at org.apache.ibatis.session.defaults.DefaultSqlSession.selectOne(DefaultSqlSession.java:77)
	at org.apache.ibatis.binding.MapperMethod.execute(MapperMethod.java:82)
	at org.apache.ibatis.binding.MapperProxy.invoke(MapperProxy.java:53)
	at $Proxy19.getStudentById(Unknown Source)
	at com.yc.mybatis.util.StudentMapperTest.testGetStudentById(StudentMapperTest.java:27)
	at sun.reflect.NativeMethodAccessorImpl.invoke0(Native Method)
	at sun.reflect.NativeMethodAccessorImpl.invoke(NativeMethodAccessorImpl.java:57)
	at sun.reflect.DelegatingMethodAccessorImpl.invoke(DelegatingMethodAccessorImpl.java:43)
	at java.lang.reflect.Method.invoke(Method.java:601)
	at org.junit.runners.model.FrameworkMethod$1.runReflectiveCall(FrameworkMethod.java:50)
	at org.junit.internal.runners.model.ReflectiveCallable.run(ReflectiveCallable.java:12)
	at org.junit.runners.model.FrameworkMethod.invokeExplosively(FrameworkMethod.java:47)
	at org.junit.internal.runners.statements.InvokeMethod.evaluate(InvokeMethod.java:17)
	at org.junit.runners.ParentRunner.runLeaf(ParentRunner.java:325)
	at org.junit.runners.BlockJUnit4ClassRunner.runChild(BlockJUnit4ClassRunner.java:78)
	at org.junit.runners.BlockJUnit4ClassRunner.runChild(BlockJUnit4ClassRunner.java:57)
	at org.junit.runners.ParentRunner$3.run(ParentRunner.java:290)
	at org.junit.runners.ParentRunner$1.schedule(ParentRunner.java:71)
	at org.junit.runners.ParentRunner.runChildren(ParentRunner.java:288)
	at org.junit.runners.ParentRunner.access$000(ParentRunner.java:58)
	at org.junit.runners.ParentRunner$2.evaluate(ParentRunner.java:268)
	at org.junit.runners.ParentRunner.run(ParentRunner.java:363)
	at org.apache.maven.surefire.junit4.JUnit4Provider.execute(JUnit4Provider.java:252)
	at org.apache.maven.surefire.junit4.JUnit4Provider.executeTestSet(JUnit4Provider.java:141)
	at org.apache.maven.surefire.junit4.JUnit4Provider.invoke(JUnit4Provider.java:112)
	at sun.reflect.NativeMethodAccessorImpl.invoke0(Native Method)
	at sun.reflect.NativeMethodAccessorImpl.invoke(NativeMethodAccessorImpl.java:57)
	at sun.reflect.DelegatingMethodAccessorImpl.invoke(DelegatingMethodAccessorImpl.java:43)
	at java.lang.reflect.Method.invoke(Method.java:601)
	at org.apache.maven.surefire.util.ReflectionUtils.invokeMethodWithArray(ReflectionUtils.java:189)
	at org.apache.maven.surefire.booter.ProviderFactory$ProviderProxy.invoke(ProviderFactory.java:165)
	at org.apache.maven.surefire.booter.ProviderFactory.invokeProvider(ProviderFactory.java:85)
	at org.apache.maven.surefire.booter.ForkedBooter.runSuitesInProcess(ForkedBooter.java:115)
	at org.apache.maven.surefire.booter.ForkedBooter.main(ForkedBooter.java:75)
Caused by: org.apache.ibatis.executor.ExecutorException: A query was run and no Result Maps were found for the Mapped Statement &apos;com.yc.mybatis.mapper.StudentMapper.getStudentById&apos;.  It&apos;s likely that neither a Result Type nor a Result Map was specified.
	at org.apache.ibatis.executor.resultset.DefaultResultSetHandler.validateResultMapsCount(DefaultResultSetHandler.java:274)
	at org.apache.ibatis.executor.resultset.DefaultResultSetHandler.handleResultSets(DefaultResultSetHandler.java:180)
	at org.apache.ibatis.executor.statement.PreparedStatementHandler.query(PreparedStatementHandler.java:64)
	at org.apache.ibatis.executor.statement.RoutingStatementHandler.query(RoutingStatementHandler.java:79)
	at org.apache.ibatis.executor.SimpleExecutor.doQuery(SimpleExecutor.java:63)
	at org.apache.ibatis.executor.BaseExecutor.queryFromDatabase(BaseExecutor.java:324)
	at org.apache.ibatis.executor.BaseExecutor.query(BaseExecutor.java:156)
	at org.apache.ibatis.executor.CachingExecutor.query(CachingExecutor.java:109)
	at org.apache.ibatis.executor.CachingExecutor.query(CachingExecutor.java:83)
	at org.apache.ibatis.session.defaults.DefaultSqlSession.selectList(DefaultSqlSession.java:148)
	... 35 more
</error>
    <system-out>信息 2016-07-29 10:58:49,001 DEBUG MybatisUtil (MybatisUtil.java:41) - 根据SqlSessionFactory生产手动事务SqlSession实例对象成功
信息 2016-07-29 10:58:49,001 DEBUG JdbcTransaction (JdbcTransaction.java:136) - Opening JDBC Connection
信息 2016-07-29 10:58:49,001 DEBUG PooledDataSource (PooledDataSource.java:379) - Checked out connection 19836572 from pool.
信息 2016-07-29 10:58:49,001 DEBUG JdbcTransaction (JdbcTransaction.java:100) - Setting autocommit to false on JDBC Connection [oracle.jdbc.driver.T4CConnection@12eae9c]
信息 2016-07-29 10:58:49,002 DEBUG BaseJdbcLogger (BaseJdbcLogger.java:145) - ==&gt;  Preparing: select * from student where id = ? 
信息 2016-07-29 10:58:49,002 DEBUG BaseJdbcLogger (BaseJdbcLogger.java:145) - ==&gt; Parameters: 1(Integer)
</system-out>
  </testcase>
  <testcase time="0.051" classname="com.yc.mybatis.util.StudentMapperTest" name="testGetStudentById02">
    <error message="
### Error querying database.  Cause: org.apache.ibatis.executor.ExecutorException: A query was run and no Result Maps were found for the Mapped Statement &apos;com.yc.mybatis.mapper.StudentMapper.getStudentById&apos;.  It&apos;s likely that neither a Result Type nor a Result Map was specified.
### The error may exist in mapper/StudentMapper.xml
### The error may involve com.yc.mybatis.mapper.StudentMapper.getStudentById
### The error occurred while handling results
### SQL: select * from student where id = ?
### Cause: org.apache.ibatis.executor.ExecutorException: A query was run and no Result Maps were found for the Mapped Statement &apos;com.yc.mybatis.mapper.StudentMapper.getStudentById&apos;.  It&apos;s likely that neither a Result Type nor a Result Map was specified." type="org.apache.ibatis.exceptions.PersistenceException">org.apache.ibatis.exceptions.PersistenceException: 
### Error querying database.  Cause: org.apache.ibatis.executor.ExecutorException: A query was run and no Result Maps were found for the Mapped Statement &apos;com.yc.mybatis.mapper.StudentMapper.getStudentById&apos;.  It&apos;s likely that neither a Result Type nor a Result Map was specified.
### The error may exist in mapper/StudentMapper.xml
### The error may involve com.yc.mybatis.mapper.StudentMapper.getStudentById
### The error occurred while handling results
### SQL: select * from student where id = ?
### Cause: org.apache.ibatis.executor.ExecutorException: A query was run and no Result Maps were found for the Mapped Statement &apos;com.yc.mybatis.mapper.StudentMapper.getStudentById&apos;.  It&apos;s likely that neither a Result Type nor a Result Map was specified.
	at org.apache.ibatis.exceptions.ExceptionFactory.wrapException(ExceptionFactory.java:30)
	at org.apache.ibatis.session.defaults.DefaultSqlSession.selectList(DefaultSqlSession.java:150)
	at org.apache.ibatis.session.defaults.DefaultSqlSession.selectList(DefaultSqlSession.java:141)
	at org.apache.ibatis.session.defaults.DefaultSqlSession.selectOne(DefaultSqlSession.java:77)
	at org.apache.ibatis.binding.MapperMethod.execute(MapperMethod.java:82)
	at org.apache.ibatis.binding.MapperProxy.invoke(MapperProxy.java:53)
	at $Proxy19.getStudentById(Unknown Source)
	at com.yc.mybatis.util.StudentMapperTest.testGetStudentById02(StudentMapperTest.java:36)
	at sun.reflect.NativeMethodAccessorImpl.invoke0(Native Method)
	at sun.reflect.NativeMethodAccessorImpl.invoke(NativeMethodAccessorImpl.java:57)
	at sun.reflect.DelegatingMethodAccessorImpl.invoke(DelegatingMethodAccessorImpl.java:43)
	at java.lang.reflect.Method.invoke(Method.java:601)
	at org.junit.runners.model.FrameworkMethod$1.runReflectiveCall(FrameworkMethod.java:50)
	at org.junit.internal.runners.model.ReflectiveCallable.run(ReflectiveCallable.java:12)
	at org.junit.runners.model.FrameworkMethod.invokeExplosively(FrameworkMethod.java:47)
	at org.junit.internal.runners.statements.InvokeMethod.evaluate(InvokeMethod.java:17)
	at org.junit.runners.ParentRunner.runLeaf(ParentRunner.java:325)
	at org.junit.runners.BlockJUnit4ClassRunner.runChild(BlockJUnit4ClassRunner.java:78)
	at org.junit.runners.BlockJUnit4ClassRunner.runChild(BlockJUnit4ClassRunner.java:57)
	at org.junit.runners.ParentRunner$3.run(ParentRunner.java:290)
	at org.junit.runners.ParentRunner$1.schedule(ParentRunner.java:71)
	at org.junit.runners.ParentRunner.runChildren(ParentRunner.java:288)
	at org.junit.runners.ParentRunner.access$000(ParentRunner.java:58)
	at org.junit.runners.ParentRunner$2.evaluate(ParentRunner.java:268)
	at org.junit.runners.ParentRunner.run(ParentRunner.java:363)
	at org.apache.maven.surefire.junit4.JUnit4Provider.execute(JUnit4Provider.java:252)
	at org.apache.maven.surefire.junit4.JUnit4Provider.executeTestSet(JUnit4Provider.java:141)
	at org.apache.maven.surefire.junit4.JUnit4Provider.invoke(JUnit4Provider.java:112)
	at sun.reflect.NativeMethodAccessorImpl.invoke0(Native Method)
	at sun.reflect.NativeMethodAccessorImpl.invoke(NativeMethodAccessorImpl.java:57)
	at sun.reflect.DelegatingMethodAccessorImpl.invoke(DelegatingMethodAccessorImpl.java:43)
	at java.lang.reflect.Method.invoke(Method.java:601)
	at org.apache.maven.surefire.util.ReflectionUtils.invokeMethodWithArray(ReflectionUtils.java:189)
	at org.apache.maven.surefire.booter.ProviderFactory$ProviderProxy.invoke(ProviderFactory.java:165)
	at org.apache.maven.surefire.booter.ProviderFactory.invokeProvider(ProviderFactory.java:85)
	at org.apache.maven.surefire.booter.ForkedBooter.runSuitesInProcess(ForkedBooter.java:115)
	at org.apache.maven.surefire.booter.ForkedBooter.main(ForkedBooter.java:75)
Caused by: org.apache.ibatis.executor.ExecutorException: A query was run and no Result Maps were found for the Mapped Statement &apos;com.yc.mybatis.mapper.StudentMapper.getStudentById&apos;.  It&apos;s likely that neither a Result Type nor a Result Map was specified.
	at org.apache.ibatis.executor.resultset.DefaultResultSetHandler.validateResultMapsCount(DefaultResultSetHandler.java:274)
	at org.apache.ibatis.executor.resultset.DefaultResultSetHandler.handleResultSets(DefaultResultSetHandler.java:180)
	at org.apache.ibatis.executor.statement.PreparedStatementHandler.query(PreparedStatementHandler.java:64)
	at org.apache.ibatis.executor.statement.RoutingStatementHandler.query(RoutingStatementHandler.java:79)
	at org.apache.ibatis.executor.SimpleExecutor.doQuery(SimpleExecutor.java:63)
	at org.apache.ibatis.executor.BaseExecutor.queryFromDatabase(BaseExecutor.java:324)
	at org.apache.ibatis.executor.BaseExecutor.query(BaseExecutor.java:156)
	at org.apache.ibatis.executor.CachingExecutor.query(CachingExecutor.java:109)
	at org.apache.ibatis.executor.CachingExecutor.query(CachingExecutor.java:83)
	at org.apache.ibatis.session.defaults.DefaultSqlSession.selectList(DefaultSqlSession.java:148)
	... 35 more
</error>
    <system-out>信息 2016-07-29 10:58:49,004 DEBUG MybatisUtil (MybatisUtil.java:41) - 根据SqlSessionFactory生产手动事务SqlSession实例对象成功
信息 2016-07-29 10:58:49,004 DEBUG JdbcTransaction (JdbcTransaction.java:136) - Opening JDBC Connection
信息 2016-07-29 10:58:49,052 DEBUG PooledDataSource (PooledDataSource.java:387) - Created connection 23278585.
信息 2016-07-29 10:58:49,052 DEBUG JdbcTransaction (JdbcTransaction.java:100) - Setting autocommit to false on JDBC Connection [oracle.jdbc.driver.T4CConnection@16333f9]
信息 2016-07-29 10:58:49,053 DEBUG BaseJdbcLogger (BaseJdbcLogger.java:145) - ==&gt;  Preparing: select * from student where id = ? 
信息 2016-07-29 10:58:49,053 DEBUG BaseJdbcLogger (BaseJdbcLogger.java:145) - ==&gt; Parameters: 1(Integer)
</system-out>
  </testcase>
</testsuite>