<?xml version="1.0" encoding="UTF-8" ?>
<testsuite failures="0" time="0.217" errors="4" skipped="0" tests="7" name="com.yc.mybatis.util.MybatisUtilTest">
  <properties>
    <property name="java.runtime.name" value="Java(TM) SE Runtime Environment"/>
    <property name="sun.boot.library.path" value="D:\Program Files (x86)\Java\jdk1.7.0_02\jre\bin"/>
    <property name="java.vm.version" value="22.0-b10"/>
    <property name="java.vm.vendor" value="Oracle Corporation"/>
    <property name="maven.multiModuleProjectDirectory" value="E:\workspaceLydia\mybatis-001-hello"/>
    <property name="java.vendor.url" value="http://java.oracle.com/"/>
    <property name="path.separator" value=";"/>
    <property name="guice.disable.misplaced.annotation.check" value="true"/>
    <property name="java.vm.name" value="Java HotSpot(TM) Client VM"/>
    <property name="file.encoding.pkg" value="sun.io"/>
    <property name="user.script" value=""/>
    <property name="user.country" value="CN"/>
    <property name="sun.java.launcher" value="SUN_STANDARD"/>
    <property name="sun.os.patch.level" value=""/>
    <property name="java.vm.specification.name" value="Java Virtual Machine Specification"/>
    <property name="user.dir" value="E:\workspaceLydia\mybatis-001-hello"/>
    <property name="java.runtime.version" value="1.7.0_02-b13"/>
    <property name="java.awt.graphicsenv" value="sun.awt.Win32GraphicsEnvironment"/>
    <property name="java.endorsed.dirs" value="D:\Program Files (x86)\Java\jdk1.7.0_02\jre\lib\endorsed"/>
    <property name="os.arch" value="x86"/>
    <property name="java.io.tmpdir" value="C:\Users\MICCKE\AppData\Local\Temp\"/>
    <property name="line.separator" value="
"/>
    <property name="java.vm.specification.vendor" value="Oracle Corporation"/>
    <property name="user.variant" value=""/>
    <property name="os.name" value="Windows NT (unknown)"/>
    <property name="classworlds.conf" value="E:\workspaceLydia\.metadata\.plugins\org.eclipse.m2e.launching\launches\m2conf6359758744089883598.tmp"/>
    <property name="sun.jnu.encoding" value="GBK"/>
    <property name="java.library.path" value="D:\Program Files (x86)\Java\jdk1.7.0_02\bin;C:\Windows\Sun\Java\bin;C:\Windows\system32;C:\Windows;D:/Program Files (x86)/Java/jre7/bin/client;D:/Program Files (x86)/Java/jre7/bin;D:/Program Files (x86)/Java/jre7/lib/i386;F:\oracle\product\10.2.0\db_1\bin;D:\maven-gxs\apache-maven-3.3.9\bin;C:\Windows\system32;C:\Windows;C:\Windows\System32\Wbem;C:\Windows\System32\WindowsPowerShell\v1.0\;JAVA_HOME%\bin;D:\Program Files (x86)\Java\jdk1.7.0_02\jre\bin;D:\Program Files (x86)\Rational\common;D:\eclipse;;."/>
    <property name="java.specification.name" value="Java Platform API Specification"/>
    <property name="java.class.version" value="51.0"/>
    <property name="sun.management.compiler" value="HotSpot Client Compiler"/>
    <property name="os.version" value="6.2"/>
    <property name="user.home" value="C:\Users\MICCKE"/>
    <property name="user.timezone" value="Asia/Shanghai"/>
    <property name="java.awt.printerjob" value="sun.awt.windows.WPrinterJob"/>
    <property name="java.specification.version" value="1.7"/>
    <property name="file.encoding" value="GBK"/>
    <property name="user.name" value="MICCKE"/>
    <property name="java.class.path" value="/D:/eclipse/plugins/org.eclipse.m2e.maven.runtime_1.6.2.20150902-0001/jars/plexus-classworlds-2.5.2.jar"/>
    <property name="java.vm.specification.version" value="1.7"/>
    <property name="sun.arch.data.model" value="32"/>
    <property name="java.home" value="D:\Program Files (x86)\Java\jdk1.7.0_02\jre"/>
    <property name="sun.java.command" value="org.codehaus.plexus.classworlds.launcher.Launcher -B test"/>
    <property name="java.specification.vendor" value="Oracle Corporation"/>
    <property name="user.language" value="zh"/>
    <property name="awt.toolkit" value="sun.awt.windows.WToolkit"/>
    <property name="java.vm.info" value="mixed mode"/>
    <property name="java.version" value="1.7.0_02"/>
    <property name="java.ext.dirs" value="D:\Program Files (x86)\Java\jdk1.7.0_02\jre\lib\ext;C:\Windows\Sun\Java\lib\ext"/>
    <property name="sun.boot.class.path" value="D:\Program Files (x86)\Java\jdk1.7.0_02\jre\lib\resources.jar;D:\Program Files (x86)\Java\jdk1.7.0_02\jre\lib\rt.jar;D:\Program Files (x86)\Java\jdk1.7.0_02\jre\lib\sunrsasign.jar;D:\Program Files (x86)\Java\jdk1.7.0_02\jre\lib\jsse.jar;D:\Program Files (x86)\Java\jdk1.7.0_02\jre\lib\jce.jar;D:\Program Files (x86)\Java\jdk1.7.0_02\jre\lib\charsets.jar;D:\Program Files (x86)\Java\jdk1.7.0_02\jre\classes"/>
    <property name="java.vendor" value="Oracle Corporation"/>
    <property name="maven.home" value="E:\workspaceLydia\mybatis-001-hello\EMBEDDED"/>
    <property name="file.separator" value="\"/>
    <property name="java.vendor.url.bug" value="http://bugreport.sun.com/bugreport/"/>
    <property name="sun.cpu.endian" value="little"/>
    <property name="sun.io.unicode.encoding" value="UnicodeLittle"/>
    <property name="sun.desktop" value="windows"/>
    <property name="sun.cpu.isalist" value="pentium_pro+mmx pentium_pro pentium+mmx pentium i486 i386 i86"/>
  </properties>
  <testcase time="0.02" classname="com.yc.mybatis.util.MybatisUtilTest" name="testUpdateBlog"/>
  <testcase time="0.004" classname="com.yc.mybatis.util.MybatisUtilTest" name="testFindAllBlog">
    <error message="
### Error querying database.  Cause: org.apache.ibatis.executor.ExecutorException: A query was run and no Result Maps were found for the Mapped Statement &apos;com.yc.mybatis.mapper.BlogMapper.findAllBlogs&apos;.  It&apos;s likely that neither a Result Type nor a Result Map was specified.
### The error may exist in mapper/BlogMapper.xml
### The error may involve com.yc.mybatis.mapper.BlogMapper.findAllBlogs
### The error occurred while handling results
### SQL: select * from blog
### Cause: org.apache.ibatis.executor.ExecutorException: A query was run and no Result Maps were found for the Mapped Statement &apos;com.yc.mybatis.mapper.BlogMapper.findAllBlogs&apos;.  It&apos;s likely that neither a Result Type nor a Result Map was specified." type="org.apache.ibatis.exceptions.PersistenceException">org.apache.ibatis.exceptions.PersistenceException: 
### Error querying database.  Cause: org.apache.ibatis.executor.ExecutorException: A query was run and no Result Maps were found for the Mapped Statement &apos;com.yc.mybatis.mapper.BlogMapper.findAllBlogs&apos;.  It&apos;s likely that neither a Result Type nor a Result Map was specified.
### The error may exist in mapper/BlogMapper.xml
### The error may involve com.yc.mybatis.mapper.BlogMapper.findAllBlogs
### The error occurred while handling results
### SQL: select * from blog
### Cause: org.apache.ibatis.executor.ExecutorException: A query was run and no Result Maps were found for the Mapped Statement &apos;com.yc.mybatis.mapper.BlogMapper.findAllBlogs&apos;.  It&apos;s likely that neither a Result Type nor a Result Map was specified.
	at org.apache.ibatis.exceptions.ExceptionFactory.wrapException(ExceptionFactory.java:30)
	at org.apache.ibatis.session.defaults.DefaultSqlSession.selectList(DefaultSqlSession.java:150)
	at org.apache.ibatis.session.defaults.DefaultSqlSession.selectList(DefaultSqlSession.java:141)
	at org.apache.ibatis.binding.MapperMethod.executeForMany(MapperMethod.java:137)
	at org.apache.ibatis.binding.MapperMethod.execute(MapperMethod.java:75)
	at org.apache.ibatis.binding.MapperProxy.invoke(MapperProxy.java:53)
	at $Proxy22.findAllBlogs(Unknown Source)
	at com.yc.mybatis.util.MybatisUtilTest.testFindAllBlog(MybatisUtilTest.java:76)
	at sun.reflect.NativeMethodAccessorImpl.invoke0(Native Method)
	at sun.reflect.NativeMethodAccessorImpl.invoke(NativeMethodAccessorImpl.java:57)
	at sun.reflect.DelegatingMethodAccessorImpl.invoke(DelegatingMethodAccessorImpl.java:43)
	at java.lang.reflect.Method.invoke(Method.java:601)
	at org.junit.runners.model.FrameworkMethod$1.runReflectiveCall(FrameworkMethod.java:50)
	at org.junit.internal.runners.model.ReflectiveCallable.run(ReflectiveCallable.java:12)
	at org.junit.runners.model.FrameworkMethod.invokeExplosively(FrameworkMethod.java:47)
	at org.junit.internal.runners.statements.InvokeMethod.evaluate(InvokeMethod.java:17)
	at org.junit.runners.ParentRunner.runLeaf(ParentRunner.java:325)
	at org.junit.runners.BlockJUnit4ClassRunner.runChild(BlockJUnit4ClassRunner.java:78)
	at org.junit.runners.BlockJUnit4ClassRunner.runChild(BlockJUnit4ClassRunner.java:57)
	at org.junit.runners.ParentRunner$3.run(ParentRunner.java:290)
	at org.junit.runners.ParentRunner$1.schedule(ParentRunner.java:71)
	at org.junit.runners.ParentRunner.runChildren(ParentRunner.java:288)
	at org.junit.runners.ParentRunner.access$000(ParentRunner.java:58)
	at org.junit.runners.ParentRunner$2.evaluate(ParentRunner.java:268)
	at org.junit.runners.ParentRunner.run(ParentRunner.java:363)
	at org.apache.maven.surefire.junit4.JUnit4Provider.execute(JUnit4Provider.java:252)
	at org.apache.maven.surefire.junit4.JUnit4Provider.executeTestSet(JUnit4Provider.java:141)
	at org.apache.maven.surefire.junit4.JUnit4Provider.invoke(JUnit4Provider.java:112)
	at sun.reflect.NativeMethodAccessorImpl.invoke0(Native Method)
	at sun.reflect.NativeMethodAccessorImpl.invoke(NativeMethodAccessorImpl.java:57)
	at sun.reflect.DelegatingMethodAccessorImpl.invoke(DelegatingMethodAccessorImpl.java:43)
	at java.lang.reflect.Method.invoke(Method.java:601)
	at org.apache.maven.surefire.util.ReflectionUtils.invokeMethodWithArray(ReflectionUtils.java:189)
	at org.apache.maven.surefire.booter.ProviderFactory$ProviderProxy.invoke(ProviderFactory.java:165)
	at org.apache.maven.surefire.booter.ProviderFactory.invokeProvider(ProviderFactory.java:85)
	at org.apache.maven.surefire.booter.ForkedBooter.runSuitesInProcess(ForkedBooter.java:115)
	at org.apache.maven.surefire.booter.ForkedBooter.main(ForkedBooter.java:75)
Caused by: org.apache.ibatis.executor.ExecutorException: A query was run and no Result Maps were found for the Mapped Statement &apos;com.yc.mybatis.mapper.BlogMapper.findAllBlogs&apos;.  It&apos;s likely that neither a Result Type nor a Result Map was specified.
	at org.apache.ibatis.executor.resultset.DefaultResultSetHandler.validateResultMapsCount(DefaultResultSetHandler.java:274)
	at org.apache.ibatis.executor.resultset.DefaultResultSetHandler.handleResultSets(DefaultResultSetHandler.java:180)
	at org.apache.ibatis.executor.statement.PreparedStatementHandler.query(PreparedStatementHandler.java:64)
	at org.apache.ibatis.executor.statement.RoutingStatementHandler.query(RoutingStatementHandler.java:79)
	at org.apache.ibatis.executor.SimpleExecutor.doQuery(SimpleExecutor.java:63)
	at org.apache.ibatis.executor.BaseExecutor.queryFromDatabase(BaseExecutor.java:324)
	at org.apache.ibatis.executor.BaseExecutor.query(BaseExecutor.java:156)
	at org.apache.ibatis.executor.CachingExecutor.query(CachingExecutor.java:109)
	at org.apache.ibatis.executor.CachingExecutor.query(CachingExecutor.java:83)
	at org.apache.ibatis.session.defaults.DefaultSqlSession.selectList(DefaultSqlSession.java:148)
	... 35 more
</error>
    <system-out>信息 2016-07-29 10:58:48,800 DEBUG MybatisUtil (MybatisUtil.java:41) - 根据SqlSessionFactory生产手动事务SqlSession实例对象成功
信息 2016-07-29 10:58:48,801 DEBUG JdbcTransaction (JdbcTransaction.java:136) - Opening JDBC Connection
信息 2016-07-29 10:58:48,801 DEBUG PooledDataSource (PooledDataSource.java:379) - Checked out connection 6825422 from pool.
信息 2016-07-29 10:58:48,802 DEBUG JdbcTransaction (JdbcTransaction.java:100) - Setting autocommit to false on JDBC Connection [oracle.jdbc.driver.T4CConnection@6825ce]
信息 2016-07-29 10:58:48,802 DEBUG BaseJdbcLogger (BaseJdbcLogger.java:145) - ==&gt;  Preparing: select * from blog 
信息 2016-07-29 10:58:48,802 DEBUG BaseJdbcLogger (BaseJdbcLogger.java:145) - ==&gt; Parameters: 
</system-out>
  </testcase>
  <testcase time="0.029" classname="com.yc.mybatis.util.MybatisUtilTest" name="testGetBlog">
    <error message="
### Error querying database.  Cause: org.apache.ibatis.executor.ExecutorException: No constructor found in com.yc.mybatis.entity.Blog matching [java.math.BigDecimal, java.lang.String, java.lang.String]
### The error may exist in mapper/BlogMapper.xml
### The error may involve com.yc.mybatis.mapper.BlogMapper.getBlogById
### The error occurred while handling results
### SQL: select * from Blog where id = ?
### Cause: org.apache.ibatis.executor.ExecutorException: No constructor found in com.yc.mybatis.entity.Blog matching [java.math.BigDecimal, java.lang.String, java.lang.String]" type="org.apache.ibatis.exceptions.PersistenceException">org.apache.ibatis.exceptions.PersistenceException: 
### Error querying database.  Cause: org.apache.ibatis.executor.ExecutorException: No constructor found in com.yc.mybatis.entity.Blog matching [java.math.BigDecimal, java.lang.String, java.lang.String]
### The error may exist in mapper/BlogMapper.xml
### The error may involve com.yc.mybatis.mapper.BlogMapper.getBlogById
### The error occurred while handling results
### SQL: select * from Blog where id = ?
### Cause: org.apache.ibatis.executor.ExecutorException: No constructor found in com.yc.mybatis.entity.Blog matching [java.math.BigDecimal, java.lang.String, java.lang.String]
	at org.apache.ibatis.exceptions.ExceptionFactory.wrapException(ExceptionFactory.java:30)
	at org.apache.ibatis.session.defaults.DefaultSqlSession.selectList(DefaultSqlSession.java:150)
	at org.apache.ibatis.session.defaults.DefaultSqlSession.selectList(DefaultSqlSession.java:141)
	at org.apache.ibatis.session.defaults.DefaultSqlSession.selectOne(DefaultSqlSession.java:77)
	at org.apache.ibatis.binding.MapperMethod.execute(MapperMethod.java:82)
	at org.apache.ibatis.binding.MapperProxy.invoke(MapperProxy.java:53)
	at $Proxy22.getBlogById(Unknown Source)
	at com.yc.mybatis.util.MybatisUtilTest.testGetBlog(MybatisUtilTest.java:27)
	at sun.reflect.NativeMethodAccessorImpl.invoke0(Native Method)
	at sun.reflect.NativeMethodAccessorImpl.invoke(NativeMethodAccessorImpl.java:57)
	at sun.reflect.DelegatingMethodAccessorImpl.invoke(DelegatingMethodAccessorImpl.java:43)
	at java.lang.reflect.Method.invoke(Method.java:601)
	at org.junit.runners.model.FrameworkMethod$1.runReflectiveCall(FrameworkMethod.java:50)
	at org.junit.internal.runners.model.ReflectiveCallable.run(ReflectiveCallable.java:12)
	at org.junit.runners.model.FrameworkMethod.invokeExplosively(FrameworkMethod.java:47)
	at org.junit.internal.runners.statements.InvokeMethod.evaluate(InvokeMethod.java:17)
	at org.junit.runners.ParentRunner.runLeaf(ParentRunner.java:325)
	at org.junit.runners.BlockJUnit4ClassRunner.runChild(BlockJUnit4ClassRunner.java:78)
	at org.junit.runners.BlockJUnit4ClassRunner.runChild(BlockJUnit4ClassRunner.java:57)
	at org.junit.runners.ParentRunner$3.run(ParentRunner.java:290)
	at org.junit.runners.ParentRunner$1.schedule(ParentRunner.java:71)
	at org.junit.runners.ParentRunner.runChildren(ParentRunner.java:288)
	at org.junit.runners.ParentRunner.access$000(ParentRunner.java:58)
	at org.junit.runners.ParentRunner$2.evaluate(ParentRunner.java:268)
	at org.junit.runners.ParentRunner.run(ParentRunner.java:363)
	at org.apache.maven.surefire.junit4.JUnit4Provider.execute(JUnit4Provider.java:252)
	at org.apache.maven.surefire.junit4.JUnit4Provider.executeTestSet(JUnit4Provider.java:141)
	at org.apache.maven.surefire.junit4.JUnit4Provider.invoke(JUnit4Provider.java:112)
	at sun.reflect.NativeMethodAccessorImpl.invoke0(Native Method)
	at sun.reflect.NativeMethodAccessorImpl.invoke(NativeMethodAccessorImpl.java:57)
	at sun.reflect.DelegatingMethodAccessorImpl.invoke(DelegatingMethodAccessorImpl.java:43)
	at java.lang.reflect.Method.invoke(Method.java:601)
	at org.apache.maven.surefire.util.ReflectionUtils.invokeMethodWithArray(ReflectionUtils.java:189)
	at org.apache.maven.surefire.booter.ProviderFactory$ProviderProxy.invoke(ProviderFactory.java:165)
	at org.apache.maven.surefire.booter.ProviderFactory.invokeProvider(ProviderFactory.java:85)
	at org.apache.maven.surefire.booter.ForkedBooter.runSuitesInProcess(ForkedBooter.java:115)
	at org.apache.maven.surefire.booter.ForkedBooter.main(ForkedBooter.java:75)
Caused by: org.apache.ibatis.executor.ExecutorException: No constructor found in com.yc.mybatis.entity.Blog matching [java.math.BigDecimal, java.lang.String, java.lang.String]
	at org.apache.ibatis.executor.resultset.DefaultResultSetHandler.createByConstructorSignature(DefaultResultSetHandler.java:650)
	at org.apache.ibatis.executor.resultset.DefaultResultSetHandler.createResultObject(DefaultResultSetHandler.java:599)
	at org.apache.ibatis.executor.resultset.DefaultResultSetHandler.createResultObject(DefaultResultSetHandler.java:574)
	at org.apache.ibatis.executor.resultset.DefaultResultSetHandler.getRowValue(DefaultResultSetHandler.java:379)
	at org.apache.ibatis.executor.resultset.DefaultResultSetHandler.handleRowValuesForSimpleResultMap(DefaultResultSetHandler.java:338)
	at org.apache.ibatis.executor.resultset.DefaultResultSetHandler.handleRowValues(DefaultResultSetHandler.java:313)
	at org.apache.ibatis.executor.resultset.DefaultResultSetHandler.handleResultSet(DefaultResultSetHandler.java:286)
	at org.apache.ibatis.executor.resultset.DefaultResultSetHandler.handleResultSets(DefaultResultSetHandler.java:183)
	at org.apache.ibatis.executor.statement.PreparedStatementHandler.query(PreparedStatementHandler.java:64)
	at org.apache.ibatis.executor.statement.RoutingStatementHandler.query(RoutingStatementHandler.java:79)
	at org.apache.ibatis.executor.SimpleExecutor.doQuery(SimpleExecutor.java:63)
	at org.apache.ibatis.executor.BaseExecutor.queryFromDatabase(BaseExecutor.java:324)
	at org.apache.ibatis.executor.BaseExecutor.query(BaseExecutor.java:156)
	at org.apache.ibatis.executor.CachingExecutor.query(CachingExecutor.java:109)
	at org.apache.ibatis.executor.CachingExecutor.query(CachingExecutor.java:83)
	at org.apache.ibatis.session.defaults.DefaultSqlSession.selectList(DefaultSqlSession.java:148)
	... 35 more
</error>
    <system-out>信息 2016-07-29 10:58:48,804 DEBUG MybatisUtil (MybatisUtil.java:49) - 根据SqlSessionFactory生产自动事务SqlSession实例对象成功
信息 2016-07-29 10:58:48,804 DEBUG JdbcTransaction (JdbcTransaction.java:136) - Opening JDBC Connection
信息 2016-07-29 10:58:48,828 DEBUG PooledDataSource (PooledDataSource.java:387) - Created connection 13195938.
信息 2016-07-29 10:58:48,828 DEBUG BaseJdbcLogger (BaseJdbcLogger.java:145) - ==&gt;  Preparing: select * from Blog where id = ? 
信息 2016-07-29 10:58:48,829 DEBUG BaseJdbcLogger (BaseJdbcLogger.java:145) - ==&gt; Parameters: 1(Integer)
</system-out>
  </testcase>
  <testcase time="0.06" classname="com.yc.mybatis.util.MybatisUtilTest" name="testGetConn"/>
  <testcase time="0.031" classname="com.yc.mybatis.util.MybatisUtilTest" name="testInsertBlog">
    <error message="
### Error updating database.  Cause: java.sql.SQLIntegrityConstraintViolationException: ORA-00001: 违反唯一约束条件 (MYBATIS.SYS_C007634)

### The error may involve com.yc.mybatis.mapper.BlogMapper.insertBlog-Inline
### The error occurred while setting parameters
### SQL: insert into blog values(?, ?, ?)
### Cause: java.sql.SQLIntegrityConstraintViolationException: ORA-00001: 违反唯一约束条件 (MYBATIS.SYS_C007634)
" type="org.apache.ibatis.exceptions.PersistenceException">org.apache.ibatis.exceptions.PersistenceException: 
### Error updating database.  Cause: java.sql.SQLIntegrityConstraintViolationException: ORA-00001: 违反唯一约束条件 (MYBATIS.SYS_C007634)

### The error may involve com.yc.mybatis.mapper.BlogMapper.insertBlog-Inline
### The error occurred while setting parameters
### SQL: insert into blog values(?, ?, ?)
### Cause: java.sql.SQLIntegrityConstraintViolationException: ORA-00001: 违反唯一约束条件 (MYBATIS.SYS_C007634)

	at org.apache.ibatis.exceptions.ExceptionFactory.wrapException(ExceptionFactory.java:30)
	at org.apache.ibatis.session.defaults.DefaultSqlSession.update(DefaultSqlSession.java:200)
	at org.apache.ibatis.session.defaults.DefaultSqlSession.insert(DefaultSqlSession.java:185)
	at org.apache.ibatis.binding.MapperMethod.execute(MapperMethod.java:57)
	at org.apache.ibatis.binding.MapperProxy.invoke(MapperProxy.java:53)
	at $Proxy22.insertBlog(Unknown Source)
	at com.yc.mybatis.util.MybatisUtilTest.testInsertBlog(MybatisUtilTest.java:39)
	at sun.reflect.NativeMethodAccessorImpl.invoke0(Native Method)
	at sun.reflect.NativeMethodAccessorImpl.invoke(NativeMethodAccessorImpl.java:57)
	at sun.reflect.DelegatingMethodAccessorImpl.invoke(DelegatingMethodAccessorImpl.java:43)
	at java.lang.reflect.Method.invoke(Method.java:601)
	at org.junit.runners.model.FrameworkMethod$1.runReflectiveCall(FrameworkMethod.java:50)
	at org.junit.internal.runners.model.ReflectiveCallable.run(ReflectiveCallable.java:12)
	at org.junit.runners.model.FrameworkMethod.invokeExplosively(FrameworkMethod.java:47)
	at org.junit.internal.runners.statements.InvokeMethod.evaluate(InvokeMethod.java:17)
	at org.junit.runners.ParentRunner.runLeaf(ParentRunner.java:325)
	at org.junit.runners.BlockJUnit4ClassRunner.runChild(BlockJUnit4ClassRunner.java:78)
	at org.junit.runners.BlockJUnit4ClassRunner.runChild(BlockJUnit4ClassRunner.java:57)
	at org.junit.runners.ParentRunner$3.run(ParentRunner.java:290)
	at org.junit.runners.ParentRunner$1.schedule(ParentRunner.java:71)
	at org.junit.runners.ParentRunner.runChildren(ParentRunner.java:288)
	at org.junit.runners.ParentRunner.access$000(ParentRunner.java:58)
	at org.junit.runners.ParentRunner$2.evaluate(ParentRunner.java:268)
	at org.junit.runners.ParentRunner.run(ParentRunner.java:363)
	at org.apache.maven.surefire.junit4.JUnit4Provider.execute(JUnit4Provider.java:252)
	at org.apache.maven.surefire.junit4.JUnit4Provider.executeTestSet(JUnit4Provider.java:141)
	at org.apache.maven.surefire.junit4.JUnit4Provider.invoke(JUnit4Provider.java:112)
	at sun.reflect.NativeMethodAccessorImpl.invoke0(Native Method)
	at sun.reflect.NativeMethodAccessorImpl.invoke(NativeMethodAccessorImpl.java:57)
	at sun.reflect.DelegatingMethodAccessorImpl.invoke(DelegatingMethodAccessorImpl.java:43)
	at java.lang.reflect.Method.invoke(Method.java:601)
	at org.apache.maven.surefire.util.ReflectionUtils.invokeMethodWithArray(ReflectionUtils.java:189)
	at org.apache.maven.surefire.booter.ProviderFactory$ProviderProxy.invoke(ProviderFactory.java:165)
	at org.apache.maven.surefire.booter.ProviderFactory.invokeProvider(ProviderFactory.java:85)
	at org.apache.maven.surefire.booter.ForkedBooter.runSuitesInProcess(ForkedBooter.java:115)
	at org.apache.maven.surefire.booter.ForkedBooter.main(ForkedBooter.java:75)
Caused by: java.sql.SQLIntegrityConstraintViolationException: ORA-00001: 违反唯一约束条件 (MYBATIS.SYS_C007634)

	at oracle.jdbc.driver.T4CTTIoer.processError(T4CTTIoer.java:450)
	at oracle.jdbc.driver.T4CTTIoer.processError(T4CTTIoer.java:399)
	at oracle.jdbc.driver.T4C8Oall.processError(T4C8Oall.java:1017)
	at oracle.jdbc.driver.T4CTTIfun.receive(T4CTTIfun.java:655)
	at oracle.jdbc.driver.T4CTTIfun.doRPC(T4CTTIfun.java:249)
	at oracle.jdbc.driver.T4C8Oall.doOALL(T4C8Oall.java:566)
	at oracle.jdbc.driver.T4CPreparedStatement.doOall8(T4CPreparedStatement.java:215)
	at oracle.jdbc.driver.T4CPreparedStatement.doOall8(T4CPreparedStatement.java:58)
	at oracle.jdbc.driver.T4CPreparedStatement.executeForRows(T4CPreparedStatement.java:943)
	at oracle.jdbc.driver.OracleStatement.doExecuteWithTimeout(OracleStatement.java:1075)
	at oracle.jdbc.driver.OraclePreparedStatement.executeInternal(OraclePreparedStatement.java:3820)
	at oracle.jdbc.driver.OraclePreparedStatement.execute(OraclePreparedStatement.java:3923)
	at oracle.jdbc.driver.OraclePreparedStatementWrapper.execute(OraclePreparedStatementWrapper.java:1385)
	at sun.reflect.NativeMethodAccessorImpl.invoke0(Native Method)
	at sun.reflect.NativeMethodAccessorImpl.invoke(NativeMethodAccessorImpl.java:57)
	at sun.reflect.DelegatingMethodAccessorImpl.invoke(DelegatingMethodAccessorImpl.java:43)
	at java.lang.reflect.Method.invoke(Method.java:601)
	at org.apache.ibatis.logging.jdbc.PreparedStatementLogger.invoke(PreparedStatementLogger.java:59)
	at $Proxy20.execute(Unknown Source)
	at org.apache.ibatis.executor.statement.PreparedStatementHandler.update(PreparedStatementHandler.java:46)
	at org.apache.ibatis.executor.statement.RoutingStatementHandler.update(RoutingStatementHandler.java:74)
	at org.apache.ibatis.executor.SimpleExecutor.doUpdate(SimpleExecutor.java:50)
	at org.apache.ibatis.executor.BaseExecutor.update(BaseExecutor.java:117)
	at org.apache.ibatis.executor.CachingExecutor.update(CachingExecutor.java:76)
	at org.apache.ibatis.session.defaults.DefaultSqlSession.update(DefaultSqlSession.java:198)
	... 34 more
</error>
    <system-out>信息 2016-07-29 10:58:48,893 DEBUG MybatisUtil (MybatisUtil.java:49) - 根据SqlSessionFactory生产自动事务SqlSession实例对象成功
信息 2016-07-29 10:58:48,894 DEBUG JdbcTransaction (JdbcTransaction.java:136) - Opening JDBC Connection
信息 2016-07-29 10:58:48,894 DEBUG PooledDataSource (PooledDataSource.java:379) - Checked out connection 32529886 from pool.
信息 2016-07-29 10:58:48,894 DEBUG BaseJdbcLogger (BaseJdbcLogger.java:145) - ==&gt;  Preparing: insert into blog values(?, ?, ?) 
信息 2016-07-29 10:58:48,895 DEBUG BaseJdbcLogger (BaseJdbcLogger.java:145) - ==&gt; Parameters: 2(Integer), mybatis哈帅(String), yc(String)
</system-out>
  </testcase>
  <testcase time="0.001" classname="com.yc.mybatis.util.MybatisUtilTest" name="testDelBlog">
    <error message="Invalid bound statement (not found): com.yc.mybatis.mapper.BlogMapper.delBlog" type="org.apache.ibatis.binding.BindingException">org.apache.ibatis.binding.BindingException: Invalid bound statement (not found): com.yc.mybatis.mapper.BlogMapper.delBlog
	at org.apache.ibatis.binding.MapperMethod$SqlCommand.&lt;init&gt;(MapperMethod.java:223)
	at org.apache.ibatis.binding.MapperMethod.&lt;init&gt;(MapperMethod.java:48)
	at org.apache.ibatis.binding.MapperProxy.cachedMapperMethod(MapperProxy.java:59)
	at org.apache.ibatis.binding.MapperProxy.invoke(MapperProxy.java:52)
	at $Proxy22.delBlog(Unknown Source)
	at com.yc.mybatis.util.MybatisUtilTest.testDelBlog(MybatisUtilTest.java:67)
	at sun.reflect.NativeMethodAccessorImpl.invoke0(Native Method)
	at sun.reflect.NativeMethodAccessorImpl.invoke(NativeMethodAccessorImpl.java:57)
	at sun.reflect.DelegatingMethodAccessorImpl.invoke(DelegatingMethodAccessorImpl.java:43)
	at java.lang.reflect.Method.invoke(Method.java:601)
	at org.junit.runners.model.FrameworkMethod$1.runReflectiveCall(FrameworkMethod.java:50)
	at org.junit.internal.runners.model.ReflectiveCallable.run(ReflectiveCallable.java:12)
	at org.junit.runners.model.FrameworkMethod.invokeExplosively(FrameworkMethod.java:47)
	at org.junit.internal.runners.statements.InvokeMethod.evaluate(InvokeMethod.java:17)
	at org.junit.runners.ParentRunner.runLeaf(ParentRunner.java:325)
	at org.junit.runners.BlockJUnit4ClassRunner.runChild(BlockJUnit4ClassRunner.java:78)
	at org.junit.runners.BlockJUnit4ClassRunner.runChild(BlockJUnit4ClassRunner.java:57)
	at org.junit.runners.ParentRunner$3.run(ParentRunner.java:290)
	at org.junit.runners.ParentRunner$1.schedule(ParentRunner.java:71)
	at org.junit.runners.ParentRunner.runChildren(ParentRunner.java:288)
	at org.junit.runners.ParentRunner.access$000(ParentRunner.java:58)
	at org.junit.runners.ParentRunner$2.evaluate(ParentRunner.java:268)
	at org.junit.runners.ParentRunner.run(ParentRunner.java:363)
	at org.apache.maven.surefire.junit4.JUnit4Provider.execute(JUnit4Provider.java:252)
	at org.apache.maven.surefire.junit4.JUnit4Provider.executeTestSet(JUnit4Provider.java:141)
	at org.apache.maven.surefire.junit4.JUnit4Provider.invoke(JUnit4Provider.java:112)
	at sun.reflect.NativeMethodAccessorImpl.invoke0(Native Method)
	at sun.reflect.NativeMethodAccessorImpl.invoke(NativeMethodAccessorImpl.java:57)
	at sun.reflect.DelegatingMethodAccessorImpl.invoke(DelegatingMethodAccessorImpl.java:43)
	at java.lang.reflect.Method.invoke(Method.java:601)
	at org.apache.maven.surefire.util.ReflectionUtils.invokeMethodWithArray(ReflectionUtils.java:189)
	at org.apache.maven.surefire.booter.ProviderFactory$ProviderProxy.invoke(ProviderFactory.java:165)
	at org.apache.maven.surefire.booter.ProviderFactory.invokeProvider(ProviderFactory.java:85)
	at org.apache.maven.surefire.booter.ForkedBooter.runSuitesInProcess(ForkedBooter.java:115)
	at org.apache.maven.surefire.booter.ForkedBooter.main(ForkedBooter.java:75)
</error>
    <system-out>信息 2016-07-29 10:58:48,924 DEBUG MybatisUtil (MybatisUtil.java:41) - 根据SqlSessionFactory生产手动事务SqlSession实例对象成功
</system-out>
  </testcase>
  <testcase time="0.072" classname="com.yc.mybatis.util.MybatisUtilTest" name="testInsertBlog02"/>
</testsuite>